d:\player\flv_merge\debug\flv_merge.bsc
d:\player\flv_merge\flv_merge\debug\flv_merge.pch
d:\player\flv_merge\flv_merge\debug\vc120.pdb
d:\player\flv_merge\flv_merge\debug\vc120.idb
d:\player\flv_merge\flv_merge\debug\stdafx.sbr
d:\player\flv_merge\flv_merge\debug\stdafx.obj
d:\player\flv_merge\flv_merge\debug\threadobject.sbr
d:\player\flv_merge\flv_merge\debug\flv_mergesrc.sbr
d:\player\flv_merge\flv_merge\debug\flv_mergedlg.sbr
d:\player\flv_merge\flv_merge\debug\flv_merge.sbr
d:\player\flv_merge\flv_merge\debug\flv_merge.obj
d:\player\flv_merge\flv_merge\debug\flv_mergedlg.obj
d:\player\flv_merge\flv_merge\debug\flv_mergesrc.obj
d:\player\flv_merge\flv_merge\debug\threadobject.obj
d:\player\flv_merge\flv_merge\res\soui_res.rc2
d:\player\flv_merge\debug\flv_merge.ilk
d:\player\flv_merge\debug\flv_merge.exe
d:\player\flv_merge\debug\flv_merge.pdb
d:\player\flv_merge\flv_merge\debug\flv_merge.res
d:\player\flv_merge\flv_merge\debug\flv_merge.tlog\bscmake.command.1.tlog
d:\player\flv_merge\flv_merge\debug\flv_merge.tlog\bscmake.read.1.tlog
d:\player\flv_merge\flv_merge\debug\flv_merge.tlog\bscmake.write.1.tlog
d:\player\flv_merge\flv_merge\debug\flv_merge.tlog\cl.command.1.tlog
d:\player\flv_merge\flv_merge\debug\flv_merge.tlog\cl.read.1.tlog
d:\player\flv_merge\flv_merge\debug\flv_merge.tlog\cl.write.1.tlog
d:\player\flv_merge\flv_merge\debug\flv_merge.tlog\custombuild.command.1.tlog
d:\player\flv_merge\flv_merge\debug\flv_merge.tlog\custombuild.read.1.tlog
d:\player\flv_merge\flv_merge\debug\flv_merge.tlog\custombuild.write.1.tlog
d:\player\flv_merge\flv_merge\debug\flv_merge.tlog\link.command.1.tlog
d:\player\flv_merge\flv_merge\debug\flv_merge.tlog\link.read.1.tlog
d:\player\flv_merge\flv_merge\debug\flv_merge.tlog\link.write.1.tlog
d:\player\flv_merge\flv_merge\debug\flv_merge.tlog\rc.command.1.tlog
d:\player\flv_merge\flv_merge\debug\flv_merge.tlog\rc.read.1.tlog
d:\player\flv_merge\flv_merge\debug\flv_merge.tlog\rc.write.1.tlog
