d:\player\flv_merge\flv_merge\release\flv_merge.pch
d:\player\flv_merge\flv_merge\release\vc120.pdb
d:\player\flv_merge\flv_merge\release\stdafx.obj
d:\player\flv_merge\flv_merge\release\threadobject.obj
d:\player\flv_merge\flv_merge\release\flv_mergesrc.obj
d:\player\flv_merge\flv_merge\release\flv_mergedlg.obj
d:\player\flv_merge\flv_merge\release\flv_merge.obj
d:\player\flv_merge\flv_merge\res\soui_res.rc2
d:\player\flv_merge\release\flv_merge.exe
d:\player\flv_merge\release\flv_merge.pdb
d:\player\flv_merge\flv_merge\release\flv_merge.res
d:\player\flv_merge\flv_merge\release\flv_merge.tlog\cl.command.1.tlog
d:\player\flv_merge\flv_merge\release\flv_merge.tlog\cl.read.1.tlog
d:\player\flv_merge\flv_merge\release\flv_merge.tlog\cl.write.1.tlog
d:\player\flv_merge\flv_merge\release\flv_merge.tlog\custombuild.command.1.tlog
d:\player\flv_merge\flv_merge\release\flv_merge.tlog\custombuild.read.1.tlog
d:\player\flv_merge\flv_merge\release\flv_merge.tlog\custombuild.write.1.tlog
d:\player\flv_merge\flv_merge\release\flv_merge.tlog\link.command.1.tlog
d:\player\flv_merge\flv_merge\release\flv_merge.tlog\link.read.1.tlog
d:\player\flv_merge\flv_merge\release\flv_merge.tlog\link.write.1.tlog
d:\player\flv_merge\flv_merge\release\flv_merge.tlog\rc.command.1.tlog
d:\player\flv_merge\flv_merge\release\flv_merge.tlog\rc.read.1.tlog
d:\player\flv_merge\flv_merge\release\flv_merge.tlog\rc.write.1.tlog
